<?xml version="1.0" encoding="UTF-8"?>
<!-- Generated by org.testng.reporters.JUnitReportReporter -->
<testsuite hostname="DESKTOP-ISLDLHA" failures="0" tests="2" name="SearchPageTest" time="26.449" errors="0" timestamp="2022-06-10T17:18:02 MSK" skipped="0">
  <testcase classname="SearchPageTest" name="onSaleFilterTest" time="8.936"/>
  <system-out/>
  <testcase classname="SearchPageTest" name="inStockFilterTest" time="17.513"/>
  <system-out/>
</testsuite> <!-- SearchPageTest -->
